<?xml version="1.0" encoding="UTF-8"?>
<testsuite xmlns:xsi="http://www.w3.org/2001/XMLSchema-instance" xsi:noNamespaceSchemaLocation="https://maven.apache.org/surefire/maven-surefire-plugin/xsd/surefire-test-report.xsd" name="com.grepclient.AppTest" time="0.065" tests="5" errors="0" skipped="0" failures="5">
  <properties>
[...]
</properties>
  <testcase name="shouldCheckFrequentPattern" classname="com.grepclient.AppTest" time="0.05">
    <failure message="expected:&lt;4&gt; but was:&lt;0&gt;" type="java.lang.AssertionError"><![CDATA[java.lang.AssertionError: expected:<4> but was:<0>
	at com.grepclient.AppTest.shouldCheckFrequentPattern(AppTest.java:49)
]]></failure>
    <system-out><![CDATA[Enter your grep command
fa24-cs425-9901.cs.illinois.edu is currently offline :( WOMP WOMP
fa24-cs425-9902.cs.illinois.edu is currently offline :( WOMP WOMP
fa24-cs425-9903.cs.illinois.edu is currently offline :( WOMP WOMP
fa24-cs425-9904.cs.illinois.edu is currently offline :( WOMP WOMP
Total Count of Matching line items: 0
Total Execution time (Milliseconds): 46
files: 0
]]></system-out>
  </testcase>
  <testcase name="shouldCheckPartialFrequentPattern" classname="com.grepclient.AppTest" time="0.001">
    <failure message="expected:&lt;4&gt; but was:&lt;0&gt;" type="java.lang.AssertionError"><![CDATA[java.lang.AssertionError: expected:<4> but was:<0>
	at com.grepclient.AppTest.shouldCheckPartialFrequentPattern(AppTest.java:95)
]]></failure>
    <system-out><![CDATA[Enter your grep command
fa24-cs425-9901.cs.illinois.edu is currently offline :( WOMP WOMP
fa24-cs425-9902.cs.illinois.edu is currently offline :( WOMP WOMP
fa24-cs425-9903.cs.illinois.edu is currently offline :( WOMP WOMP
fa24-cs425-9904.cs.illinois.edu is currently offline :( WOMP WOMP
Total Count of Matching line items: 0
Total Execution time (Milliseconds): 1
files: 0
]]></system-out>
  </testcase>
  <testcase name="shouldCheckRegexPattern" classname="com.grepclient.AppTest" time="0.002">
    <failure message="expected:&lt;4&gt; but was:&lt;0&gt;" type="java.lang.AssertionError"><![CDATA[java.lang.AssertionError: expected:<4> but was:<0>
	at com.grepclient.AppTest.shouldCheckRegexPattern(AppTest.java:118)
]]></failure>
    <system-out><![CDATA[Enter your grep command
fa24-cs425-9901.cs.illinois.edu is currently offline :( WOMP WOMP
fa24-cs425-9902.cs.illinois.edu is currently offline :( WOMP WOMP
fa24-cs425-9903.cs.illinois.edu is currently offline :( WOMP WOMP
fa24-cs425-9904.cs.illinois.edu is currently offline :( WOMP WOMP
Total Count of Matching line items: 0
Total Execution time (Milliseconds): 0
files: 0
]]></system-out>
  </testcase>
  <testcase name="shouldCheckRarePattern" classname="com.grepclient.AppTest" time="0.001">
    <failure message="expected:&lt;4&gt; but was:&lt;0&gt;" type="java.lang.AssertionError"><![CDATA[java.lang.AssertionError: expected:<4> but was:<0>
	at com.grepclient.AppTest.shouldCheckRarePattern(AppTest.java:72)
]]></failure>
    <system-out><![CDATA[Enter your grep command
fa24-cs425-9901.cs.illinois.edu is currently offline :( WOMP WOMP
fa24-cs425-9902.cs.illinois.edu is currently offline :( WOMP WOMP
fa24-cs425-9903.cs.illinois.edu is currently offline :( WOMP WOMP
fa24-cs425-9904.cs.illinois.edu is currently offline :( WOMP WOMP
Total Count of Matching line items: 0
Total Execution time (Milliseconds): 1
files: 0
]]></system-out>
  </testcase>
  <testcase name="shouldCheckOneFilePattern" classname="com.grepclient.AppTest" time="0.001">
    <failure message="expected:&lt;1&gt; but was:&lt;0&gt;" type="java.lang.AssertionError"><![CDATA[java.lang.AssertionError: expected:<1> but was:<0>
	at com.grepclient.AppTest.shouldCheckOneFilePattern(AppTest.java:25)
]]></failure>
    <system-out><![CDATA[Enter your grep command
fa24-cs425-9901.cs.illinois.edu is currently offline :( WOMP WOMP
fa24-cs425-9902.cs.illinois.edu is currently offline :( WOMP WOMP
fa24-cs425-9903.cs.illinois.edu is currently offline :( WOMP WOMP
fa24-cs425-9904.cs.illinois.edu is currently offline :( WOMP WOMP
Total Count of Matching line items: 0
Total Execution time (Milliseconds): 1
files: 0
]]></system-out>
  </testcase>
</testsuite>